[2020-12-09 14:52:12 +0000] [17208] [INFO] Starting gunicorn 20.0.4
[2020-12-09 14:52:12 +0000] [17208] [INFO] Listening at: unix:/var/www/animal_to_house.sock (17208)
[2020-12-09 14:52:12 +0000] [17208] [INFO] Using worker: sync
[2020-12-09 14:52:12 +0000] [17209] [INFO] Booting worker with pid: 17209
[2020-12-09 14:52:12 +0000] [17210] [INFO] Booting worker with pid: 17210
[2020-12-09 14:52:12 +0000] [17211] [INFO] Booting worker with pid: 17211
[2020-12-09 15:08:19 +0000] [17209] [INFO] Worker exiting (pid: 17209)
[2020-12-09 15:08:19 +0000] [17210] [INFO] Worker exiting (pid: 17210)
[2020-12-09 15:08:19 +0000] [17211] [INFO] Worker exiting (pid: 17211)
[2020-12-09 15:08:19 +0000] [17208] [INFO] Handling signal: term
[2020-12-09 15:08:19 +0000] [17208] [INFO] Shutting down: Master
[2020-12-09 15:08:35 +0000] [17447] [INFO] Starting gunicorn 20.0.4
[2020-12-09 15:08:35 +0000] [17447] [INFO] Listening at: unix:/var/www/animal_to_house/animal_to_house.sock (17447)
[2020-12-09 15:08:35 +0000] [17447] [INFO] Using worker: sync
[2020-12-09 15:08:35 +0000] [17448] [INFO] Booting worker with pid: 17448
[2020-12-09 15:08:35 +0000] [17449] [INFO] Booting worker with pid: 17449
[2020-12-09 15:08:35 +0000] [17450] [INFO] Booting worker with pid: 17450
[2020-12-09 15:44:45 +0000] [283] [INFO] Starting gunicorn 20.0.4
[2020-12-09 15:44:45 +0000] [283] [INFO] Listening at: unix:/var/www/animal_to_house/animal_to_house.sock (283)
[2020-12-09 15:44:45 +0000] [283] [INFO] Using worker: sync
[2020-12-09 15:44:45 +0000] [310] [INFO] Booting worker with pid: 310
[2020-12-09 15:44:45 +0000] [311] [INFO] Booting worker with pid: 311
[2020-12-09 15:44:45 +0000] [312] [INFO] Booting worker with pid: 312
[2020-12-09 16:05:08 +0000] [283] [INFO] Handling signal: term
[2020-12-09 16:05:08 +0000] [311] [INFO] Worker exiting (pid: 311)
[2020-12-09 16:05:08 +0000] [312] [INFO] Worker exiting (pid: 312)
[2020-12-09 16:05:08 +0000] [310] [INFO] Worker exiting (pid: 310)
[2020-12-09 16:05:08 +0000] [283] [INFO] Shutting down: Master
[2020-12-09 16:05:09 +0000] [608] [INFO] Starting gunicorn 20.0.4
[2020-12-09 16:05:09 +0000] [608] [INFO] Listening at: unix:/var/www/animal_to_house/animal_to_house.sock (608)
[2020-12-09 16:05:09 +0000] [608] [INFO] Using worker: sync
[2020-12-09 16:05:09 +0000] [609] [INFO] Booting worker with pid: 609
[2020-12-09 16:05:09 +0000] [610] [INFO] Booting worker with pid: 610
[2020-12-09 16:05:09 +0000] [611] [INFO] Booting worker with pid: 611
[2020-12-09 16:13:04 +0000] [609] [INFO] Worker exiting (pid: 609)
[2020-12-09 16:13:04 +0000] [610] [INFO] Worker exiting (pid: 610)
[2020-12-09 16:13:04 +0000] [611] [INFO] Worker exiting (pid: 611)
[2020-12-09 16:13:04 +0000] [608] [INFO] Handling signal: term
[2020-12-09 16:13:04 +0000] [608] [INFO] Shutting down: Master
[2020-12-09 16:13:04 +0000] [718] [INFO] Starting gunicorn 20.0.4
[2020-12-09 16:13:04 +0000] [718] [INFO] Listening at: unix:/var/www/animal_to_house/animal_to_house.sock (718)
[2020-12-09 16:13:04 +0000] [718] [INFO] Using worker: sync
[2020-12-09 16:13:04 +0000] [721] [INFO] Booting worker with pid: 721
[2020-12-09 16:13:04 +0000] [722] [INFO] Booting worker with pid: 722
[2020-12-09 16:13:05 +0000] [723] [INFO] Booting worker with pid: 723
[2020-12-09 23:00:41 +0000] [721] [INFO] Worker exiting (pid: 721)
[2020-12-09 23:00:41 +0000] [722] [INFO] Worker exiting (pid: 722)
[2020-12-09 23:00:41 +0000] [723] [INFO] Worker exiting (pid: 723)
[2020-12-09 23:00:41 +0000] [718] [INFO] Handling signal: term
[2020-12-09 23:00:41 +0000] [718] [INFO] Shutting down: Master
[2020-12-09 23:00:41 +0000] [4616] [INFO] Starting gunicorn 20.0.4
[2020-12-09 23:00:41 +0000] [4616] [INFO] Listening at: unix:/var/www/animal_to_house/animal_to_house.sock (4616)
[2020-12-09 23:00:41 +0000] [4616] [INFO] Using worker: sync
[2020-12-09 23:00:41 +0000] [4617] [INFO] Booting worker with pid: 4617
[2020-12-09 23:00:41 +0000] [4618] [INFO] Booting worker with pid: 4618
[2020-12-09 23:00:42 +0000] [4619] [INFO] Booting worker with pid: 4619
[2020-12-09 23:22:19 +0000] [4617] [INFO] Worker exiting (pid: 4617)
[2020-12-09 23:22:19 +0000] [4616] [INFO] Handling signal: term
[2020-12-09 23:22:19 +0000] [4619] [INFO] Worker exiting (pid: 4619)
[2020-12-09 23:22:19 +0000] [4618] [INFO] Worker exiting (pid: 4618)
[2020-12-09 23:22:19 +0000] [4616] [INFO] Shutting down: Master
[2020-12-09 23:22:19 +0000] [4986] [INFO] Starting gunicorn 20.0.4
[2020-12-09 23:22:19 +0000] [4986] [INFO] Listening at: unix:/var/www/animal_to_house/animal_to_house.sock (4986)
[2020-12-09 23:22:19 +0000] [4986] [INFO] Using worker: sync
[2020-12-09 23:22:19 +0000] [4987] [INFO] Booting worker with pid: 4987
[2020-12-09 23:22:19 +0000] [4988] [INFO] Booting worker with pid: 4988
[2020-12-09 23:22:19 +0000] [4989] [INFO] Booting worker with pid: 4989
[2020-12-09 23:27:28 +0000] [4988] [INFO] Worker exiting (pid: 4988)
[2020-12-09 23:27:28 +0000] [4987] [INFO] Worker exiting (pid: 4987)
[2020-12-09 23:27:28 +0000] [4989] [INFO] Worker exiting (pid: 4989)
[2020-12-09 23:27:28 +0000] [4986] [INFO] Handling signal: term
[2020-12-09 23:27:28 +0000] [4986] [INFO] Shutting down: Master
[2020-12-09 23:27:28 +0000] [5108] [INFO] Starting gunicorn 20.0.4
[2020-12-09 23:27:28 +0000] [5108] [INFO] Listening at: unix:/var/www/animal_to_house/animal_to_house.sock (5108)
[2020-12-09 23:27:28 +0000] [5108] [INFO] Using worker: sync
[2020-12-09 23:27:28 +0000] [5111] [INFO] Booting worker with pid: 5111
[2020-12-09 23:27:28 +0000] [5112] [INFO] Booting worker with pid: 5112
[2020-12-09 23:27:28 +0000] [5113] [INFO] Booting worker with pid: 5113
[2020-12-10 01:18:01 +0000] [5111] [INFO] Worker exiting (pid: 5111)
[2020-12-10 01:18:01 +0000] [5112] [INFO] Worker exiting (pid: 5112)
[2020-12-10 01:18:01 +0000] [5113] [INFO] Worker exiting (pid: 5113)
[2020-12-10 01:18:01 +0000] [5108] [INFO] Handling signal: term
[2020-12-10 01:18:01 +0000] [5108] [INFO] Shutting down: Master
[2020-12-10 01:18:02 +0000] [7185] [INFO] Starting gunicorn 20.0.4
[2020-12-10 01:18:02 +0000] [7185] [INFO] Listening at: unix:/var/www/animal_to_house/animal_to_house.sock (7185)
[2020-12-10 01:18:02 +0000] [7185] [INFO] Using worker: sync
[2020-12-10 01:18:02 +0000] [7186] [INFO] Booting worker with pid: 7186
[2020-12-10 01:18:02 +0000] [7187] [INFO] Booting worker with pid: 7187
[2020-12-10 01:18:02 +0000] [7188] [INFO] Booting worker with pid: 7188
[2020-12-10 01:21:29 +0000] [7186] [INFO] Worker exiting (pid: 7186)
[2020-12-10 01:21:29 +0000] [7188] [INFO] Worker exiting (pid: 7188)
[2020-12-10 01:21:29 +0000] [7185] [INFO] Handling signal: term
[2020-12-10 01:21:29 +0000] [7187] [INFO] Worker exiting (pid: 7187)
[2020-12-10 01:21:29 +0000] [7185] [INFO] Shutting down: Master
[2020-12-10 01:21:29 +0000] [7224] [INFO] Starting gunicorn 20.0.4
[2020-12-10 01:21:29 +0000] [7224] [INFO] Listening at: unix:/var/www/animal_to_house/animal_to_house.sock (7224)
[2020-12-10 01:21:29 +0000] [7224] [INFO] Using worker: sync
[2020-12-10 01:21:29 +0000] [7225] [INFO] Booting worker with pid: 7225
[2020-12-10 01:21:29 +0000] [7226] [INFO] Booting worker with pid: 7226
[2020-12-10 01:21:29 +0000] [7227] [INFO] Booting worker with pid: 7227
[2020-12-10 03:24:44 +0000] [7224] [INFO] Handling signal: term
[2020-12-10 03:24:44 +0000] [7225] [INFO] Worker exiting (pid: 7225)
[2020-12-10 03:24:44 +0000] [7226] [INFO] Worker exiting (pid: 7226)
[2020-12-10 03:24:44 +0000] [7227] [INFO] Worker exiting (pid: 7227)
[2020-12-10 03:24:44 +0000] [7224] [INFO] Shutting down: Master
[2020-12-10 03:24:54 +0000] [312] [INFO] Starting gunicorn 20.0.4
[2020-12-10 03:24:54 +0000] [312] [INFO] Listening at: unix:/var/www/animal_to_house/animal_to_house.sock (312)
[2020-12-10 03:24:54 +0000] [312] [INFO] Using worker: sync
[2020-12-10 03:24:54 +0000] [327] [INFO] Booting worker with pid: 327
[2020-12-10 03:24:54 +0000] [328] [INFO] Booting worker with pid: 328
[2020-12-10 03:24:54 +0000] [329] [INFO] Booting worker with pid: 329
[2020-12-10 03:26:45 +0000] [299] [INFO] Starting gunicorn 20.0.4
[2020-12-10 03:26:45 +0000] [299] [INFO] Listening at: unix:/var/www/animal_to_house/animal_to_house.sock (299)
[2020-12-10 03:26:45 +0000] [299] [INFO] Using worker: sync
[2020-12-10 03:26:45 +0000] [319] [INFO] Booting worker with pid: 319
[2020-12-10 03:26:45 +0000] [320] [INFO] Booting worker with pid: 320
[2020-12-10 03:26:45 +0000] [321] [INFO] Booting worker with pid: 321
[2020-12-10 04:11:50 +0000] [292] [INFO] Starting gunicorn 20.0.4
[2020-12-10 04:11:50 +0000] [292] [INFO] Listening at: unix:/var/www/animal_to_house/animal_to_house.sock (292)
[2020-12-10 04:11:50 +0000] [292] [INFO] Using worker: sync
[2020-12-10 04:11:50 +0000] [310] [INFO] Booting worker with pid: 310
[2020-12-10 04:11:50 +0000] [311] [INFO] Booting worker with pid: 311
[2020-12-10 04:11:50 +0000] [312] [INFO] Booting worker with pid: 312
[2020-12-10 04:19:55 +0000] [304] [INFO] Starting gunicorn 20.0.4
[2020-12-10 04:19:55 +0000] [304] [INFO] Listening at: unix:/var/www/animal_to_house/animal_to_house.sock (304)
[2020-12-10 04:19:55 +0000] [304] [INFO] Using worker: sync
[2020-12-10 04:19:55 +0000] [320] [INFO] Booting worker with pid: 320
[2020-12-10 04:19:55 +0000] [321] [INFO] Booting worker with pid: 321
[2020-12-10 04:19:56 +0000] [322] [INFO] Booting worker with pid: 322
[2020-12-10 04:41:44 +0000] [310] [INFO] Starting gunicorn 20.0.4
[2020-12-10 04:41:44 +0000] [310] [INFO] Listening at: unix:/var/www/animal_to_house/animal_to_house.sock (310)
[2020-12-10 04:41:44 +0000] [310] [INFO] Using worker: sync
[2020-12-10 04:41:44 +0000] [327] [INFO] Booting worker with pid: 327
[2020-12-10 04:41:44 +0000] [328] [INFO] Booting worker with pid: 328
[2020-12-10 04:41:44 +0000] [329] [INFO] Booting worker with pid: 329
[2020-12-10 04:43:06 +0000] [327] [INFO] Worker exiting (pid: 327)
[2020-12-10 04:43:06 +0000] [328] [INFO] Worker exiting (pid: 328)
[2020-12-10 04:43:06 +0000] [329] [INFO] Worker exiting (pid: 329)
[2020-12-10 04:43:06 +0000] [310] [INFO] Handling signal: term
[2020-12-10 04:43:06 +0000] [310] [INFO] Shutting down: Master
[2020-12-10 04:43:07 +0000] [390] [INFO] Starting gunicorn 20.0.4
[2020-12-10 04:43:07 +0000] [390] [INFO] Listening at: unix:/var/www/animal_to_house/animal_to_house.sock (390)
[2020-12-10 04:43:07 +0000] [390] [INFO] Using worker: sync
[2020-12-10 04:43:07 +0000] [391] [INFO] Booting worker with pid: 391
[2020-12-10 04:43:07 +0000] [392] [INFO] Booting worker with pid: 392
[2020-12-10 04:43:07 +0000] [393] [INFO] Booting worker with pid: 393
[2020-12-10 04:46:33 +0000] [390] [INFO] Handling signal: term
[2020-12-10 04:46:33 +0000] [391] [INFO] Worker exiting (pid: 391)
[2020-12-10 04:46:33 +0000] [393] [INFO] Worker exiting (pid: 393)
[2020-12-10 04:46:33 +0000] [392] [INFO] Worker exiting (pid: 392)
[2020-12-10 04:46:34 +0000] [390] [INFO] Shutting down: Master
[2020-12-10 04:46:34 +0000] [448] [INFO] Starting gunicorn 20.0.4
[2020-12-10 04:46:34 +0000] [448] [INFO] Listening at: unix:/var/www/animal_to_house/animal_to_house.sock (448)
[2020-12-10 04:46:34 +0000] [448] [INFO] Using worker: sync
[2020-12-10 04:46:34 +0000] [449] [INFO] Booting worker with pid: 449
[2020-12-10 04:46:34 +0000] [450] [INFO] Booting worker with pid: 450
[2020-12-10 04:46:34 +0000] [451] [INFO] Booting worker with pid: 451
[2020-12-10 08:11:40 +0000] [448] [INFO] Handling signal: term
[2020-12-10 08:11:40 +0000] [450] [INFO] Worker exiting (pid: 450)
[2020-12-10 08:11:40 +0000] [449] [INFO] Worker exiting (pid: 449)
[2020-12-10 08:11:40 +0000] [451] [INFO] Worker exiting (pid: 451)
[2020-12-10 08:11:41 +0000] [448] [INFO] Shutting down: Master
[2020-12-10 08:11:41 +0000] [2759] [INFO] Starting gunicorn 20.0.4
[2020-12-10 08:11:41 +0000] [2759] [INFO] Listening at: unix:/var/www/animal_to_house/animal_to_house.sock (2759)
[2020-12-10 08:11:41 +0000] [2759] [INFO] Using worker: sync
[2020-12-10 08:11:41 +0000] [2762] [INFO] Booting worker with pid: 2762
[2020-12-10 08:11:41 +0000] [2763] [INFO] Booting worker with pid: 2763
[2020-12-10 08:11:41 +0000] [2764] [INFO] Booting worker with pid: 2764
[2020-12-10 09:20:37 +0000] [2759] [INFO] Handling signal: term
[2020-12-10 09:20:37 +0000] [2764] [INFO] Worker exiting (pid: 2764)
[2020-12-10 09:20:37 +0000] [2763] [INFO] Worker exiting (pid: 2763)
[2020-12-10 09:20:37 +0000] [2762] [INFO] Worker exiting (pid: 2762)
[2020-12-10 09:20:38 +0000] [2759] [INFO] Shutting down: Master
[2020-12-10 09:20:38 +0000] [3731] [INFO] Starting gunicorn 20.0.4
[2020-12-10 09:20:38 +0000] [3731] [INFO] Listening at: unix:/var/www/animal_to_house/animal_to_house.sock (3731)
[2020-12-10 09:20:38 +0000] [3731] [INFO] Using worker: sync
[2020-12-10 09:20:38 +0000] [3732] [INFO] Booting worker with pid: 3732
[2020-12-10 09:20:38 +0000] [3733] [INFO] Booting worker with pid: 3733
[2020-12-10 09:20:38 +0000] [3734] [INFO] Booting worker with pid: 3734
[2020-12-10 09:41:27 +0000] [3732] [INFO] Worker exiting (pid: 3732)
[2020-12-10 09:41:27 +0000] [3734] [INFO] Worker exiting (pid: 3734)
[2020-12-10 09:41:27 +0000] [3731] [INFO] Handling signal: term
[2020-12-10 09:41:27 +0000] [3733] [INFO] Worker exiting (pid: 3733)
[2020-12-10 09:41:27 +0000] [3731] [INFO] Shutting down: Master
[2020-12-10 09:41:27 +0000] [4134] [INFO] Starting gunicorn 20.0.4
[2020-12-10 09:41:27 +0000] [4134] [INFO] Listening at: unix:/var/www/animal_to_house/animal_to_house.sock (4134)
[2020-12-10 09:41:27 +0000] [4134] [INFO] Using worker: sync
[2020-12-10 09:41:27 +0000] [4135] [INFO] Booting worker with pid: 4135
[2020-12-10 09:41:27 +0000] [4136] [INFO] Booting worker with pid: 4136
[2020-12-10 09:41:27 +0000] [4137] [INFO] Booting worker with pid: 4137
[2020-12-10 09:42:20 +0000] [4134] [INFO] Handling signal: term
[2020-12-10 09:42:20 +0000] [4136] [INFO] Worker exiting (pid: 4136)
[2020-12-10 09:42:20 +0000] [4137] [INFO] Worker exiting (pid: 4137)
[2020-12-10 09:42:20 +0000] [4135] [INFO] Worker exiting (pid: 4135)
[2020-12-10 09:42:20 +0000] [4134] [INFO] Shutting down: Master
[2020-12-10 09:42:20 +0000] [4190] [INFO] Starting gunicorn 20.0.4
[2020-12-10 09:42:20 +0000] [4190] [INFO] Listening at: unix:/var/www/animal_to_house/animal_to_house.sock (4190)
[2020-12-10 09:42:20 +0000] [4190] [INFO] Using worker: sync
[2020-12-10 09:42:20 +0000] [4191] [INFO] Booting worker with pid: 4191
[2020-12-10 09:42:21 +0000] [4192] [INFO] Booting worker with pid: 4192
[2020-12-10 09:42:21 +0000] [4193] [INFO] Booting worker with pid: 4193
[2020-12-10 09:45:47 +0000] [4190] [INFO] Handling signal: term
[2020-12-10 09:45:47 +0000] [4191] [INFO] Worker exiting (pid: 4191)
[2020-12-10 09:45:47 +0000] [4192] [INFO] Worker exiting (pid: 4192)
[2020-12-10 09:45:47 +0000] [4193] [INFO] Worker exiting (pid: 4193)
[2020-12-10 09:45:47 +0000] [4190] [INFO] Shutting down: Master
[2020-12-10 09:45:48 +0000] [4255] [INFO] Starting gunicorn 20.0.4
[2020-12-10 09:45:48 +0000] [4255] [INFO] Listening at: unix:/var/www/animal_to_house/animal_to_house.sock (4255)
[2020-12-10 09:45:48 +0000] [4255] [INFO] Using worker: sync
[2020-12-10 09:45:48 +0000] [4256] [INFO] Booting worker with pid: 4256
[2020-12-10 09:45:48 +0000] [4257] [INFO] Booting worker with pid: 4257
[2020-12-10 09:45:48 +0000] [4258] [INFO] Booting worker with pid: 4258
[2020-12-10 09:46:42 +0000] [4255] [INFO] Handling signal: term
[2020-12-10 09:46:42 +0000] [4256] [INFO] Worker exiting (pid: 4256)
[2020-12-10 09:46:42 +0000] [4257] [INFO] Worker exiting (pid: 4257)
[2020-12-10 09:46:42 +0000] [4258] [INFO] Worker exiting (pid: 4258)
[2020-12-10 09:46:43 +0000] [4255] [INFO] Shutting down: Master
[2020-12-10 09:46:43 +0000] [4278] [INFO] Starting gunicorn 20.0.4
[2020-12-10 09:46:43 +0000] [4278] [INFO] Listening at: unix:/var/www/animal_to_house/animal_to_house.sock (4278)
[2020-12-10 09:46:43 +0000] [4278] [INFO] Using worker: sync
[2020-12-10 09:46:43 +0000] [4279] [INFO] Booting worker with pid: 4279
[2020-12-10 09:46:43 +0000] [4280] [INFO] Booting worker with pid: 4280
[2020-12-10 09:46:43 +0000] [4281] [INFO] Booting worker with pid: 4281
[2020-12-10 09:57:41 +0000] [4278] [INFO] Handling signal: term
[2020-12-10 09:57:41 +0000] [4279] [INFO] Worker exiting (pid: 4279)
[2020-12-10 09:57:41 +0000] [4281] [INFO] Worker exiting (pid: 4281)
[2020-12-10 09:57:41 +0000] [4280] [INFO] Worker exiting (pid: 4280)
[2020-12-10 09:57:41 +0000] [4278] [INFO] Shutting down: Master
[2020-12-10 09:57:41 +0000] [4474] [INFO] Starting gunicorn 20.0.4
[2020-12-10 09:57:41 +0000] [4474] [INFO] Listening at: unix:/var/www/animal_to_house/animal_to_house.sock (4474)
[2020-12-10 09:57:41 +0000] [4474] [INFO] Using worker: sync
[2020-12-10 09:57:41 +0000] [4477] [INFO] Booting worker with pid: 4477
[2020-12-10 09:57:41 +0000] [4478] [INFO] Booting worker with pid: 4478
[2020-12-10 09:57:41 +0000] [4479] [INFO] Booting worker with pid: 4479
[2020-12-10 10:12:46 +0000] [4474] [INFO] Handling signal: term
[2020-12-10 10:12:46 +0000] [4478] [INFO] Worker exiting (pid: 4478)
[2020-12-10 10:12:46 +0000] [4477] [INFO] Worker exiting (pid: 4477)
[2020-12-10 10:12:46 +0000] [4479] [INFO] Worker exiting (pid: 4479)
[2020-12-10 10:12:46 +0000] [4474] [INFO] Shutting down: Master
[2020-12-10 10:12:46 +0000] [4710] [INFO] Starting gunicorn 20.0.4
[2020-12-10 10:12:46 +0000] [4710] [INFO] Listening at: unix:/var/www/animal_to_house/animal_to_house.sock (4710)
[2020-12-10 10:12:46 +0000] [4710] [INFO] Using worker: sync
[2020-12-10 10:12:46 +0000] [4712] [INFO] Booting worker with pid: 4712
[2020-12-10 10:12:47 +0000] [4713] [INFO] Booting worker with pid: 4713
[2020-12-10 10:12:47 +0000] [4714] [INFO] Booting worker with pid: 4714
[2020-12-10 10:19:56 +0000] [4710] [INFO] Handling signal: term
[2020-12-10 10:19:56 +0000] [4713] [INFO] Worker exiting (pid: 4713)
[2020-12-10 10:19:56 +0000] [4714] [INFO] Worker exiting (pid: 4714)
[2020-12-10 10:19:56 +0000] [4712] [INFO] Worker exiting (pid: 4712)
[2020-12-10 10:19:56 +0000] [4710] [INFO] Shutting down: Master
[2020-12-10 10:19:57 +0000] [4838] [INFO] Starting gunicorn 20.0.4
[2020-12-10 10:19:57 +0000] [4838] [INFO] Listening at: unix:/var/www/animal_to_house/animal_to_house.sock (4838)
[2020-12-10 10:19:57 +0000] [4838] [INFO] Using worker: sync
[2020-12-10 10:19:57 +0000] [4841] [INFO] Booting worker with pid: 4841
[2020-12-10 10:19:57 +0000] [4842] [INFO] Booting worker with pid: 4842
[2020-12-10 10:19:57 +0000] [4843] [INFO] Booting worker with pid: 4843
[2020-12-10 10:22:30 +0000] [4838] [INFO] Handling signal: term
[2020-12-10 10:22:30 +0000] [4842] [INFO] Worker exiting (pid: 4842)
[2020-12-10 10:22:30 +0000] [4843] [INFO] Worker exiting (pid: 4843)
[2020-12-10 10:22:30 +0000] [4841] [INFO] Worker exiting (pid: 4841)
[2020-12-10 10:22:30 +0000] [4838] [INFO] Shutting down: Master
[2020-12-10 10:22:30 +0000] [4895] [INFO] Starting gunicorn 20.0.4
[2020-12-10 10:22:30 +0000] [4895] [INFO] Listening at: unix:/var/www/animal_to_house/animal_to_house.sock (4895)
[2020-12-10 10:22:30 +0000] [4895] [INFO] Using worker: sync
[2020-12-10 10:22:30 +0000] [4896] [INFO] Booting worker with pid: 4896
[2020-12-10 10:22:30 +0000] [4897] [INFO] Booting worker with pid: 4897
[2020-12-10 10:22:30 +0000] [4898] [INFO] Booting worker with pid: 4898
[2020-12-10 10:27:10 +0000] [4897] [INFO] Worker exiting (pid: 4897)
[2020-12-10 10:27:10 +0000] [4898] [INFO] Worker exiting (pid: 4898)
[2020-12-10 10:27:10 +0000] [4895] [INFO] Handling signal: term
[2020-12-10 10:27:10 +0000] [4896] [INFO] Worker exiting (pid: 4896)
[2020-12-10 10:27:11 +0000] [4895] [INFO] Shutting down: Master
[2020-12-10 10:27:11 +0000] [4987] [INFO] Starting gunicorn 20.0.4
[2020-12-10 10:27:11 +0000] [4987] [INFO] Listening at: unix:/var/www/animal_to_house/animal_to_house.sock (4987)
[2020-12-10 10:27:11 +0000] [4987] [INFO] Using worker: sync
[2020-12-10 10:27:11 +0000] [4988] [INFO] Booting worker with pid: 4988
[2020-12-10 10:27:11 +0000] [4989] [INFO] Booting worker with pid: 4989
[2020-12-10 10:27:11 +0000] [4990] [INFO] Booting worker with pid: 4990
[2020-12-10 10:30:01 +0000] [4987] [INFO] Handling signal: term
[2020-12-10 10:30:01 +0000] [4988] [INFO] Worker exiting (pid: 4988)
[2020-12-10 10:30:01 +0000] [4990] [INFO] Worker exiting (pid: 4990)
[2020-12-10 10:30:01 +0000] [4989] [INFO] Worker exiting (pid: 4989)
[2020-12-10 10:30:01 +0000] [4987] [INFO] Shutting down: Master
[2020-12-10 10:30:01 +0000] [5047] [INFO] Starting gunicorn 20.0.4
[2020-12-10 10:30:01 +0000] [5047] [INFO] Listening at: unix:/var/www/animal_to_house/animal_to_house.sock (5047)
[2020-12-10 10:30:01 +0000] [5047] [INFO] Using worker: sync
[2020-12-10 10:30:01 +0000] [5048] [INFO] Booting worker with pid: 5048
[2020-12-10 10:30:01 +0000] [5049] [INFO] Booting worker with pid: 5049
[2020-12-10 10:30:01 +0000] [5050] [INFO] Booting worker with pid: 5050
[2020-12-10 10:33:41 +0000] [5047] [INFO] Handling signal: term
[2020-12-10 10:33:41 +0000] [5048] [INFO] Worker exiting (pid: 5048)
[2020-12-10 10:33:41 +0000] [5050] [INFO] Worker exiting (pid: 5050)
[2020-12-10 10:33:41 +0000] [5049] [INFO] Worker exiting (pid: 5049)
[2020-12-10 10:33:42 +0000] [5047] [INFO] Shutting down: Master
[2020-12-10 10:33:42 +0000] [5136] [INFO] Starting gunicorn 20.0.4
[2020-12-10 10:33:42 +0000] [5136] [INFO] Listening at: unix:/var/www/animal_to_house/animal_to_house.sock (5136)
[2020-12-10 10:33:42 +0000] [5136] [INFO] Using worker: sync
[2020-12-10 10:33:42 +0000] [5137] [INFO] Booting worker with pid: 5137
[2020-12-10 10:33:42 +0000] [5138] [INFO] Booting worker with pid: 5138
[2020-12-10 10:33:42 +0000] [5139] [INFO] Booting worker with pid: 5139
[2020-12-10 10:36:11 +0000] [5136] [INFO] Handling signal: term
[2020-12-10 10:36:11 +0000] [5138] [INFO] Worker exiting (pid: 5138)
[2020-12-10 10:36:11 +0000] [5139] [INFO] Worker exiting (pid: 5139)
[2020-12-10 10:36:11 +0000] [5137] [INFO] Worker exiting (pid: 5137)
[2020-12-10 10:36:11 +0000] [5136] [INFO] Shutting down: Master
[2020-12-10 10:36:11 +0000] [5193] [INFO] Starting gunicorn 20.0.4
[2020-12-10 10:36:11 +0000] [5193] [INFO] Listening at: unix:/var/www/animal_to_house/animal_to_house.sock (5193)
[2020-12-10 10:36:11 +0000] [5193] [INFO] Using worker: sync
[2020-12-10 10:36:11 +0000] [5194] [INFO] Booting worker with pid: 5194
[2020-12-10 10:36:12 +0000] [5195] [INFO] Booting worker with pid: 5195
[2020-12-10 10:36:12 +0000] [5196] [INFO] Booting worker with pid: 5196
[2020-12-10 10:48:24 +0000] [5193] [INFO] Handling signal: term
[2020-12-10 10:48:24 +0000] [5195] [INFO] Worker exiting (pid: 5195)
[2020-12-10 10:48:24 +0000] [5196] [INFO] Worker exiting (pid: 5196)
[2020-12-10 10:48:24 +0000] [5194] [INFO] Worker exiting (pid: 5194)
[2020-12-10 10:48:24 +0000] [5193] [INFO] Shutting down: Master
[2020-12-10 10:48:24 +0000] [5420] [INFO] Starting gunicorn 20.0.4
[2020-12-10 10:48:24 +0000] [5420] [INFO] Listening at: unix:/var/www/animal_to_house/animal_to_house.sock (5420)
[2020-12-10 10:48:24 +0000] [5420] [INFO] Using worker: sync
[2020-12-10 10:48:24 +0000] [5423] [INFO] Booting worker with pid: 5423
[2020-12-10 10:48:25 +0000] [5424] [INFO] Booting worker with pid: 5424
[2020-12-10 10:48:25 +0000] [5425] [INFO] Booting worker with pid: 5425
[2020-12-10 11:39:46 +0000] [294] [INFO] Starting gunicorn 20.0.4
[2020-12-10 11:39:46 +0000] [294] [INFO] Listening at: unix:/var/www/animal_to_house/animal_to_house.sock (294)
[2020-12-10 11:39:46 +0000] [294] [INFO] Using worker: sync
[2020-12-10 11:39:46 +0000] [320] [INFO] Booting worker with pid: 320
[2020-12-10 11:39:46 +0000] [321] [INFO] Booting worker with pid: 321
[2020-12-10 11:39:46 +0000] [322] [INFO] Booting worker with pid: 322
[2020-12-10 13:56:26 +0000] [320] [INFO] Worker exiting (pid: 320)
[2020-12-10 13:56:26 +0000] [321] [INFO] Worker exiting (pid: 321)
[2020-12-10 13:56:26 +0000] [322] [INFO] Worker exiting (pid: 322)
[2020-12-10 13:56:26 +0000] [294] [INFO] Handling signal: term
[2020-12-10 13:56:26 +0000] [294] [INFO] Shutting down: Master
[2020-12-10 14:01:28 +0000] [2783] [INFO] Starting gunicorn 20.0.4
[2020-12-10 14:01:28 +0000] [2783] [INFO] Listening at: unix:/var/www/animal_to_house/animal_to_house.sock (2783)
[2020-12-10 14:01:28 +0000] [2783] [INFO] Using worker: sync
[2020-12-10 14:01:28 +0000] [2785] [INFO] Booting worker with pid: 2785
[2020-12-10 14:01:28 +0000] [2786] [INFO] Booting worker with pid: 2786
[2020-12-10 14:01:28 +0000] [2787] [INFO] Booting worker with pid: 2787
[2020-12-10 14:32:30 +0000] [2783] [INFO] Handling signal: term
[2020-12-10 14:32:30 +0000] [2786] [INFO] Worker exiting (pid: 2786)
[2020-12-10 14:32:30 +0000] [2787] [INFO] Worker exiting (pid: 2787)
[2020-12-10 14:32:30 +0000] [2785] [INFO] Worker exiting (pid: 2785)
[2020-12-10 14:32:30 +0000] [2783] [INFO] Shutting down: Master
[2020-12-10 14:32:30 +0000] [3277] [INFO] Starting gunicorn 20.0.4
[2020-12-10 14:32:30 +0000] [3277] [INFO] Listening at: unix:/var/www/animal_to_house/animal_to_house.sock (3277)
[2020-12-10 14:32:30 +0000] [3277] [INFO] Using worker: sync
[2020-12-10 14:32:30 +0000] [3278] [INFO] Booting worker with pid: 3278
[2020-12-10 14:32:30 +0000] [3279] [INFO] Booting worker with pid: 3279
[2020-12-10 14:32:30 +0000] [3280] [INFO] Booting worker with pid: 3280
[2020-12-10 14:51:28 +0000] [3277] [INFO] Handling signal: term
[2020-12-10 14:51:28 +0000] [3279] [INFO] Worker exiting (pid: 3279)
[2020-12-10 14:51:28 +0000] [3280] [INFO] Worker exiting (pid: 3280)
[2020-12-10 14:51:28 +0000] [3278] [INFO] Worker exiting (pid: 3278)
[2020-12-10 14:51:29 +0000] [3277] [INFO] Shutting down: Master
[2020-12-10 14:51:29 +0000] [3520] [INFO] Starting gunicorn 20.0.4
[2020-12-10 14:51:29 +0000] [3520] [INFO] Listening at: unix:/var/www/animal_to_house/animal_to_house.sock (3520)
[2020-12-10 14:51:29 +0000] [3520] [INFO] Using worker: sync
[2020-12-10 14:51:29 +0000] [3521] [INFO] Booting worker with pid: 3521
[2020-12-10 14:51:29 +0000] [3522] [INFO] Booting worker with pid: 3522
[2020-12-10 14:51:29 +0000] [3523] [INFO] Booting worker with pid: 3523
[2020-12-10 14:52:31 +0000] [3520] [INFO] Handling signal: term
[2020-12-10 14:52:31 +0000] [3521] [INFO] Worker exiting (pid: 3521)
[2020-12-10 14:52:31 +0000] [3522] [INFO] Worker exiting (pid: 3522)
[2020-12-10 14:52:31 +0000] [3523] [INFO] Worker exiting (pid: 3523)
[2020-12-10 14:52:31 +0000] [3520] [INFO] Shutting down: Master
[2020-12-10 14:52:32 +0000] [3552] [INFO] Starting gunicorn 20.0.4
[2020-12-10 14:52:32 +0000] [3552] [INFO] Listening at: unix:/var/www/animal_to_house/animal_to_house.sock (3552)
[2020-12-10 14:52:32 +0000] [3552] [INFO] Using worker: sync
[2020-12-10 14:52:32 +0000] [3553] [INFO] Booting worker with pid: 3553
[2020-12-10 14:52:32 +0000] [3554] [INFO] Booting worker with pid: 3554
[2020-12-10 14:52:32 +0000] [3555] [INFO] Booting worker with pid: 3555
[2020-12-10 14:57:44 +0000] [3554] [INFO] Worker exiting (pid: 3554)
[2020-12-10 14:57:44 +0000] [3555] [INFO] Worker exiting (pid: 3555)
[2020-12-10 14:57:44 +0000] [3552] [INFO] Handling signal: term
[2020-12-10 14:57:44 +0000] [3553] [INFO] Worker exiting (pid: 3553)
[2020-12-10 14:57:44 +0000] [3552] [INFO] Shutting down: Master
[2020-12-10 14:57:44 +0000] [3632] [INFO] Starting gunicorn 20.0.4
[2020-12-10 14:57:44 +0000] [3632] [INFO] Listening at: unix:/var/www/animal_to_house/animal_to_house.sock (3632)
[2020-12-10 14:57:44 +0000] [3632] [INFO] Using worker: sync
[2020-12-10 14:57:44 +0000] [3633] [INFO] Booting worker with pid: 3633
[2020-12-10 14:57:44 +0000] [3634] [INFO] Booting worker with pid: 3634
[2020-12-10 14:57:44 +0000] [3635] [INFO] Booting worker with pid: 3635
[2020-12-10 15:00:25 +0000] [3633] [INFO] Worker exiting (pid: 3633)
[2020-12-10 15:00:25 +0000] [3634] [INFO] Worker exiting (pid: 3634)
[2020-12-10 15:00:25 +0000] [3632] [INFO] Handling signal: term
[2020-12-10 15:00:25 +0000] [3635] [INFO] Worker exiting (pid: 3635)
[2020-12-10 15:00:25 +0000] [3632] [INFO] Shutting down: Master
[2020-12-10 15:00:25 +0000] [3691] [INFO] Starting gunicorn 20.0.4
[2020-12-10 15:00:25 +0000] [3691] [INFO] Listening at: unix:/var/www/animal_to_house/animal_to_house.sock (3691)
[2020-12-10 15:00:25 +0000] [3691] [INFO] Using worker: sync
[2020-12-10 15:00:25 +0000] [3693] [INFO] Booting worker with pid: 3693
[2020-12-10 15:00:25 +0000] [3694] [INFO] Booting worker with pid: 3694
[2020-12-10 15:00:26 +0000] [3695] [INFO] Booting worker with pid: 3695
[2020-12-10 15:03:23 +0000] [3691] [INFO] Handling signal: term
[2020-12-10 15:03:23 +0000] [3694] [INFO] Worker exiting (pid: 3694)
[2020-12-10 15:03:23 +0000] [3695] [INFO] Worker exiting (pid: 3695)
[2020-12-10 15:03:23 +0000] [3693] [INFO] Worker exiting (pid: 3693)
[2020-12-10 15:03:23 +0000] [3691] [INFO] Shutting down: Master
[2020-12-10 15:03:23 +0000] [3737] [INFO] Starting gunicorn 20.0.4
[2020-12-10 15:03:23 +0000] [3737] [INFO] Listening at: unix:/var/www/animal_to_house/animal_to_house.sock (3737)
[2020-12-10 15:03:23 +0000] [3737] [INFO] Using worker: sync
[2020-12-10 15:03:24 +0000] [3738] [INFO] Booting worker with pid: 3738
[2020-12-10 15:03:24 +0000] [3739] [INFO] Booting worker with pid: 3739
[2020-12-10 15:03:24 +0000] [3740] [INFO] Booting worker with pid: 3740
[2020-12-10 17:38:13 +0000] [3737] [INFO] Handling signal: term
[2020-12-10 17:38:13 +0000] [3739] [INFO] Worker exiting (pid: 3739)
[2020-12-10 17:38:13 +0000] [3740] [INFO] Worker exiting (pid: 3740)
[2020-12-10 17:38:13 +0000] [3738] [INFO] Worker exiting (pid: 3738)
[2020-12-10 17:38:13 +0000] [3737] [INFO] Shutting down: Master
[2020-12-10 17:38:13 +0000] [4769] [INFO] Starting gunicorn 20.0.4
[2020-12-10 17:38:13 +0000] [4769] [INFO] Listening at: unix:/var/www/animal_to_house/animal_to_house.sock (4769)
[2020-12-10 17:38:13 +0000] [4769] [INFO] Using worker: sync
[2020-12-10 17:38:13 +0000] [4772] [INFO] Booting worker with pid: 4772
[2020-12-10 17:38:13 +0000] [4773] [INFO] Booting worker with pid: 4773
[2020-12-10 17:38:14 +0000] [4774] [INFO] Booting worker with pid: 4774
[2020-12-10 17:39:02 +0000] [4769] [INFO] Handling signal: term
[2020-12-10 17:39:02 +0000] [4772] [INFO] Worker exiting (pid: 4772)
[2020-12-10 17:39:02 +0000] [4773] [INFO] Worker exiting (pid: 4773)
[2020-12-10 17:39:02 +0000] [4774] [INFO] Worker exiting (pid: 4774)
[2020-12-10 17:39:02 +0000] [4769] [INFO] Shutting down: Master
[2020-12-10 17:39:02 +0000] [4796] [INFO] Starting gunicorn 20.0.4
[2020-12-10 17:39:02 +0000] [4796] [INFO] Listening at: unix:/var/www/animal_to_house/animal_to_house.sock (4796)
[2020-12-10 17:39:02 +0000] [4796] [INFO] Using worker: sync
[2020-12-10 17:39:02 +0000] [4797] [INFO] Booting worker with pid: 4797
[2020-12-10 17:39:02 +0000] [4798] [INFO] Booting worker with pid: 4798
[2020-12-10 17:39:02 +0000] [4799] [INFO] Booting worker with pid: 4799
[2020-12-10 17:40:34 +0000] [4796] [INFO] Handling signal: term
[2020-12-10 17:40:34 +0000] [4797] [INFO] Worker exiting (pid: 4797)
[2020-12-10 17:40:34 +0000] [4798] [INFO] Worker exiting (pid: 4798)
[2020-12-10 17:40:34 +0000] [4799] [INFO] Worker exiting (pid: 4799)
[2020-12-10 17:40:34 +0000] [4796] [INFO] Shutting down: Master
[2020-12-10 17:40:34 +0000] [4821] [INFO] Starting gunicorn 20.0.4
[2020-12-10 17:40:34 +0000] [4821] [INFO] Listening at: unix:/var/www/animal_to_house/animal_to_house.sock (4821)
[2020-12-10 17:40:34 +0000] [4821] [INFO] Using worker: sync
[2020-12-10 17:40:34 +0000] [4822] [INFO] Booting worker with pid: 4822
[2020-12-10 17:40:35 +0000] [4823] [INFO] Booting worker with pid: 4823
[2020-12-10 17:40:35 +0000] [4824] [INFO] Booting worker with pid: 4824
[2020-12-11 11:06:04 +0000] [4824] [INFO] Worker exiting (pid: 4824)
[2020-12-11 11:06:04 +0000] [4823] [INFO] Worker exiting (pid: 4823)
[2020-12-11 11:06:04 +0000] [4822] [INFO] Worker exiting (pid: 4822)
[2020-12-11 11:06:04 +0000] [4821] [INFO] Handling signal: term
[2020-12-11 11:06:04 +0000] [4821] [INFO] Shutting down: Master
[2020-12-11 11:38:45 +0000] [21377] [INFO] Starting gunicorn 20.0.4
[2020-12-11 11:38:45 +0000] [21377] [INFO] Listening at: unix:/var/www/animal_to_house/animal_to_house.sock (21377)
[2020-12-11 11:38:45 +0000] [21377] [INFO] Using worker: sync
[2020-12-11 11:38:45 +0000] [21379] [INFO] Booting worker with pid: 21379
[2020-12-11 11:38:45 +0000] [21380] [INFO] Booting worker with pid: 21380
[2020-12-11 11:38:46 +0000] [21381] [INFO] Booting worker with pid: 21381
[2020-12-11 12:19:49 +0000] [284] [INFO] Starting gunicorn 20.0.4
[2020-12-11 12:19:49 +0000] [284] [INFO] Listening at: unix:/var/www/animal_to_house/animal_to_house.sock (284)
[2020-12-11 12:19:49 +0000] [284] [INFO] Using worker: sync
[2020-12-11 12:19:49 +0000] [371] [INFO] Booting worker with pid: 371
[2020-12-11 12:19:49 +0000] [372] [INFO] Booting worker with pid: 372
[2020-12-11 12:19:49 +0000] [373] [INFO] Booting worker with pid: 373
[2020-12-11 14:33:51 +0000] [295] [INFO] Starting gunicorn 20.0.4
[2020-12-11 14:33:51 +0000] [295] [INFO] Listening at: unix:/var/www/animal_to_house/animal_to_house.sock (295)
[2020-12-11 14:33:51 +0000] [295] [INFO] Using worker: sync
[2020-12-11 14:33:51 +0000] [323] [INFO] Booting worker with pid: 323
[2020-12-11 14:33:51 +0000] [326] [INFO] Booting worker with pid: 326
[2020-12-11 14:33:51 +0000] [327] [INFO] Booting worker with pid: 327
[2020-12-11 15:34:52 +0000] [293] [INFO] Starting gunicorn 20.0.4
[2020-12-11 15:34:52 +0000] [293] [INFO] Listening at: unix:/var/www/animal_to_house/animal_to_house.sock (293)
[2020-12-11 15:34:52 +0000] [293] [INFO] Using worker: sync
[2020-12-11 15:34:52 +0000] [321] [INFO] Booting worker with pid: 321
[2020-12-11 15:34:52 +0000] [324] [INFO] Booting worker with pid: 324
[2020-12-11 15:34:52 +0000] [326] [INFO] Booting worker with pid: 326
